Analysis & Synthesis report for Calculatrice
Tue Oct 05 16:09:34 2021
Quartus Prime Version 18.1.0 Build 625 09/12/2018 SJ Lite Edition


---------------------
; Table of Contents ;
---------------------
  1. Legal Notice
  2. Analysis & Synthesis Summary
  3. Analysis & Synthesis Settings
  4. Parallel Compilation
  5. Analysis & Synthesis Source Files Read
  6. Analysis & Synthesis Resource Usage Summary
  7. Analysis & Synthesis Resource Utilization by Entity
  8. User-Specified and Inferred Latches
  9. General Register Statistics
 10. Multiplexer Restructuring Statistics (Restructuring Performed)
 11. Parameter Settings for Inferred Entity Instance: calcul_entity:C1|lpm_mult:Mult0
 12. lpm_mult Parameter Settings by Entity Instance
 13. Port Connectivity Checks: "affichage_entity:A2"
 14. Port Connectivity Checks: "affichage_entity:A1"
 15. Port Connectivity Checks: "calcul_entity:C1"
 16. Post-Synthesis Netlist Statistics for Top Partition
 17. Elapsed Time Per Partition
 18. Analysis & Synthesis Messages



----------------
; Legal Notice ;
----------------
Copyright (C) 2018  Intel Corporation. All rights reserved.
Your use of Intel Corporation's design tools, logic functions 
and other software and tools, and its AMPP partner logic 
functions, and any output files from any of the foregoing 
(including device programming or simulation files), and any 
associated documentation or information are expressly subject 
to the terms and conditions of the Intel Program License 
Subscription Agreement, the Intel Quartus Prime License Agreement,
the Intel FPGA IP License Agreement, or other applicable license
agreement, including, without limitation, that your use is for
the sole purpose of programming logic devices manufactured by
Intel and sold by Intel or its authorized distributors.  Please
refer to the applicable agreement for further details.



+----------------------------------------------------------------------------------+
; Analysis & Synthesis Summary                                                     ;
+------------------------------------+---------------------------------------------+
; Analysis & Synthesis Status        ; Successful - Tue Oct 05 16:09:34 2021       ;
; Quartus Prime Version              ; 18.1.0 Build 625 09/12/2018 SJ Lite Edition ;
; Revision Name                      ; Calculatrice                                ;
; Top-level Entity Name              ; Calculatrice_entity                         ;
; Family                             ; MAX 10                                      ;
; Total logic elements               ; 237                                         ;
;     Total combinational functions  ; 237                                         ;
;     Dedicated logic registers      ; 82                                          ;
; Total registers                    ; 82                                          ;
; Total pins                         ; 86                                          ;
; Total virtual pins                 ; 0                                           ;
; Total memory bits                  ; 0                                           ;
; Embedded Multiplier 9-bit elements ; 0                                           ;
; Total PLLs                         ; 0                                           ;
; UFM blocks                         ; 0                                           ;
; ADC blocks                         ; 0                                           ;
+------------------------------------+---------------------------------------------+


+-------------------------------------------------------------------------------------------------------------+
; Analysis & Synthesis Settings                                                                               ;
+------------------------------------------------------------------+---------------------+--------------------+
; Option                                                           ; Setting             ; Default Value      ;
+------------------------------------------------------------------+---------------------+--------------------+
; Device                                                           ; 10M50DCF484C7G      ;                    ;
; Top-level entity name                                            ; Calculatrice_entity ; Calculatrice       ;
; Family name                                                      ; MAX 10              ; Cyclone V          ;
; Use smart compilation                                            ; Off                 ; Off                ;
; Enable parallel Assembler and Timing Analyzer during compilation ; On                  ; On                 ;
; Enable compact report table                                      ; Off                 ; Off                ;
; Restructure Multiplexers                                         ; Auto                ; Auto               ;
; Create Debugging Nodes for IP Cores                              ; Off                 ; Off                ;
; Preserve fewer node names                                        ; On                  ; On                 ;
; Intel FPGA IP Evaluation Mode                                    ; Enable              ; Enable             ;
; Verilog Version                                                  ; Verilog_2001        ; Verilog_2001       ;
; VHDL Version                                                     ; VHDL_1993           ; VHDL_1993          ;
; State Machine Processing                                         ; Auto                ; Auto               ;
; Safe State Machine                                               ; Off                 ; Off                ;
; Extract Verilog State Machines                                   ; On                  ; On                 ;
; Extract VHDL State Machines                                      ; On                  ; On                 ;
; Ignore Verilog initial constructs                                ; Off                 ; Off                ;
; Iteration limit for constant Verilog loops                       ; 5000                ; 5000               ;
; Iteration limit for non-constant Verilog loops                   ; 250                 ; 250                ;
; Add Pass-Through Logic to Inferred RAMs                          ; On                  ; On                 ;
; Infer RAMs from Raw Logic                                        ; On                  ; On                 ;
; Parallel Synthesis                                               ; On                  ; On                 ;
; DSP Block Balancing                                              ; Auto                ; Auto               ;
; NOT Gate Push-Back                                               ; On                  ; On                 ;
; Power-Up Don't Care                                              ; On                  ; On                 ;
; Remove Redundant Logic Cells                                     ; Off                 ; Off                ;
; Remove Duplicate Registers                                       ; On                  ; On                 ;
; Ignore CARRY Buffers                                             ; Off                 ; Off                ;
; Ignore CASCADE Buffers                                           ; Off                 ; Off                ;
; Ignore GLOBAL Buffers                                            ; Off                 ; Off                ;
; Ignore ROW GLOBAL Buffers                                        ; Off                 ; Off                ;
; Ignore LCELL Buffers                                             ; Off                 ; Off                ;
; Ignore SOFT Buffers                                              ; On                  ; On                 ;
; Limit AHDL Integers to 32 Bits                                   ; Off                 ; Off                ;
; Optimization Technique                                           ; Balanced            ; Balanced           ;
; Carry Chain Length                                               ; 70                  ; 70                 ;
; Auto Carry Chains                                                ; On                  ; On                 ;
; Auto Open-Drain Pins                                             ; On                  ; On                 ;
; Perform WYSIWYG Primitive Resynthesis                            ; Off                 ; Off                ;
; Auto ROM Replacement                                             ; On                  ; On                 ;
; Auto RAM Replacement                                             ; On                  ; On                 ;
; Auto DSP Block Replacement                                       ; On                  ; On                 ;
; Auto Shift Register Replacement                                  ; Auto                ; Auto               ;
; Allow Shift Register Merging across Hierarchies                  ; Auto                ; Auto               ;
; Auto Clock Enable Replacement                                    ; On                  ; On                 ;
; Strict RAM Replacement                                           ; Off                 ; Off                ;
; Allow Synchronous Control Signals                                ; On                  ; On                 ;
; Force Use of Synchronous Clear Signals                           ; Off                 ; Off                ;
; Auto RAM Block Balancing                                         ; On                  ; On                 ;
; Auto RAM to Logic Cell Conversion                                ; Off                 ; Off                ;
; Auto Resource Sharing                                            ; Off                 ; Off                ;
; Allow Any RAM Size For Recognition                               ; Off                 ; Off                ;
; Allow Any ROM Size For Recognition                               ; Off                 ; Off                ;
; Allow Any Shift Register Size For Recognition                    ; Off                 ; Off                ;
; Use LogicLock Constraints during Resource Balancing              ; On                  ; On                 ;
; Ignore translate_off and synthesis_off directives                ; Off                 ; Off                ;
; Timing-Driven Synthesis                                          ; On                  ; On                 ;
; Report Parameter Settings                                        ; On                  ; On                 ;
; Report Source Assignments                                        ; On                  ; On                 ;
; Report Connectivity Checks                                       ; On                  ; On                 ;
; Ignore Maximum Fan-Out Assignments                               ; Off                 ; Off                ;
; Synchronization Register Chain Length                            ; 2                   ; 2                  ;
; Power Optimization During Synthesis                              ; Normal compilation  ; Normal compilation ;
; HDL message level                                                ; Level2              ; Level2             ;
; Suppress Register Optimization Related Messages                  ; Off                 ; Off                ;
; Number of Removed Registers Reported in Synthesis Report         ; 5000                ; 5000               ;
; Number of Swept Nodes Reported in Synthesis Report               ; 5000                ; 5000               ;
; Number of Inverted Registers Reported in Synthesis Report        ; 100                 ; 100                ;
; Clock MUX Protection                                             ; On                  ; On                 ;
; Auto Gated Clock Conversion                                      ; Off                 ; Off                ;
; Block Design Naming                                              ; Auto                ; Auto               ;
; SDC constraint protection                                        ; Off                 ; Off                ;
; Synthesis Effort                                                 ; Auto                ; Auto               ;
; Shift Register Replacement - Allow Asynchronous Clear Signal     ; On                  ; On                 ;
; Pre-Mapping Resynthesis Optimization                             ; Off                 ; Off                ;
; Analysis & Synthesis Message Level                               ; Medium              ; Medium             ;
; Disable Register Merging Across Hierarchies                      ; Auto                ; Auto               ;
; Resource Aware Inference For Block RAM                           ; On                  ; On                 ;
+------------------------------------------------------------------+---------------------+--------------------+


+------------------------------------------+
; Parallel Compilation                     ;
+----------------------------+-------------+
; Processors                 ; Number      ;
+----------------------------+-------------+
; Number detected on machine ; 8           ;
; Maximum allowed            ; 8           ;
;                            ;             ;
; Average used               ; 1.00        ;
; Maximum used               ; 8           ;
;                            ;             ;
; Usage by Processor         ; % Time Used ;
;     Processor 1            ; 100.0%      ;
;     Processor 2            ;   0.0%      ;
;     Processors 3-8         ;   0.0%      ;
+----------------------------+-------------+


+----------------------------------------------------------------------------------------------------------------------------------------------------------------------+
; Analysis & Synthesis Source Files Read                                                                                                                               ;
+----------------------------------+-----------------+------------------------------+------------------------------------------------------------------------+---------+
; File Name with User-Entered Path ; Used in Netlist ; File Type                    ; File Name with Absolute Path                                           ; Library ;
+----------------------------------+-----------------+------------------------------+------------------------------------------------------------------------+---------+
; affichage_entity.vhd             ; yes             ; User VHDL File               ; C:/Calculatrice/affichage_entity.vhd                                   ;         ;
; Calculatrice_entity.vhd          ; yes             ; User VHDL File               ; C:/Calculatrice/Calculatrice_entity.vhd                                ;         ;
; calcul_entity.vhd                ; yes             ; User VHDL File               ; C:/Calculatrice/calcul_entity.vhd                                      ;         ;
; buzzer_entity.vhd                ; yes             ; User VHDL File               ; C:/Calculatrice/buzzer_entity.vhd                                      ;         ;
; lpm_mult.tdf                     ; yes             ; Megafunction                 ; c:/intelfpga_lite/18.1/quartus/libraries/megafunctions/lpm_mult.tdf    ;         ;
; aglobal181.inc                   ; yes             ; Megafunction                 ; c:/intelfpga_lite/18.1/quartus/libraries/megafunctions/aglobal181.inc  ;         ;
; lpm_add_sub.inc                  ; yes             ; Megafunction                 ; c:/intelfpga_lite/18.1/quartus/libraries/megafunctions/lpm_add_sub.inc ;         ;
; multcore.inc                     ; yes             ; Megafunction                 ; c:/intelfpga_lite/18.1/quartus/libraries/megafunctions/multcore.inc    ;         ;
; bypassff.inc                     ; yes             ; Megafunction                 ; c:/intelfpga_lite/18.1/quartus/libraries/megafunctions/bypassff.inc    ;         ;
; altshift.inc                     ; yes             ; Megafunction                 ; c:/intelfpga_lite/18.1/quartus/libraries/megafunctions/altshift.inc    ;         ;
; db/mult_9js.tdf                  ; yes             ; Auto-Generated Megafunction  ; C:/Calculatrice/db/mult_9js.tdf                                        ;         ;
+----------------------------------+-----------------+------------------------------+------------------------------------------------------------------------+---------+


+-----------------------------------------------------------+
; Analysis & Synthesis Resource Usage Summary               ;
+---------------------------------------------+-------------+
; Resource                                    ; Usage       ;
+---------------------------------------------+-------------+
; Estimated Total logic elements              ; 237         ;
;                                             ;             ;
; Total combinational functions               ; 237         ;
; Logic element usage by number of LUT inputs ;             ;
;     -- 4 input functions                    ; 71          ;
;     -- 3 input functions                    ; 52          ;
;     -- <=2 input functions                  ; 114         ;
;                                             ;             ;
; Logic elements by mode                      ;             ;
;     -- normal mode                          ; 159         ;
;     -- arithmetic mode                      ; 78          ;
;                                             ;             ;
; Total registers                             ; 82          ;
;     -- Dedicated logic registers            ; 82          ;
;     -- I/O registers                        ; 0           ;
;                                             ;             ;
; I/O pins                                    ; 86          ;
;                                             ;             ;
; Embedded Multiplier 9-bit elements          ; 0           ;
;                                             ;             ;
; Maximum fan-out node                        ; clock~input ;
; Maximum fan-out                             ; 82          ;
; Total fan-out                               ; 1092        ;
; Average fan-out                             ; 2.22        ;
+---------------------------------------------+-------------+


+-------------------------------------------------------------------------------------------------------------------------------------------------------------------------------------------------------------------------------------------------------------------------------------------------------------+
; Analysis & Synthesis Resource Utilization by Entity                                                                                                                                                                                                                                                         ;
+------------------------------------+---------------------+---------------------------+-------------+------------+--------------+---------+-----------+------+--------------+------------+------------------------------------------------------------------------------+---------------------+--------------+
; Compilation Hierarchy Node         ; Combinational ALUTs ; Dedicated Logic Registers ; Memory Bits ; UFM Blocks ; DSP Elements ; DSP 9x9 ; DSP 18x18 ; Pins ; Virtual Pins ; ADC blocks ; Full Hierarchy Name                                                          ; Entity Name         ; Library Name ;
+------------------------------------+---------------------+---------------------------+-------------+------------+--------------+---------+-----------+------+--------------+------------+------------------------------------------------------------------------------+---------------------+--------------+
; |Calculatrice_entity               ; 237 (8)             ; 82 (0)                    ; 0           ; 0          ; 0            ; 0       ; 0         ; 86   ; 0            ; 0          ; |Calculatrice_entity                                                         ; Calculatrice_entity ; work         ;
;    |affichage_entity:A1|           ; 8 (8)               ; 0 (0)                     ; 0           ; 0          ; 0            ; 0       ; 0         ; 0    ; 0            ; 0          ; |Calculatrice_entity|affichage_entity:A1                                     ; affichage_entity    ; work         ;
;    |affichage_entity:A2|           ; 8 (8)               ; 0 (0)                     ; 0           ; 0          ; 0            ; 0       ; 0         ; 0    ; 0            ; 0          ; |Calculatrice_entity|affichage_entity:A2                                     ; affichage_entity    ; work         ;
;    |affichage_entity:A3|           ; 17 (17)             ; 0 (0)                     ; 0           ; 0          ; 0            ; 0       ; 0         ; 0    ; 0            ; 0          ; |Calculatrice_entity|affichage_entity:A3                                     ; affichage_entity    ; work         ;
;    |buzzer_entity:B1|              ; 138 (138)           ; 65 (65)                   ; 0           ; 0          ; 0            ; 0       ; 0         ; 0    ; 0            ; 0          ; |Calculatrice_entity|buzzer_entity:B1                                        ; buzzer_entity       ; work         ;
;    |calcul_entity:C1|              ; 58 (28)             ; 17 (17)                   ; 0           ; 0          ; 0            ; 0       ; 0         ; 0    ; 0            ; 0          ; |Calculatrice_entity|calcul_entity:C1                                        ; calcul_entity       ; work         ;
;       |lpm_mult:Mult0|             ; 30 (0)              ; 0 (0)                     ; 0           ; 0          ; 0            ; 0       ; 0         ; 0    ; 0            ; 0          ; |Calculatrice_entity|calcul_entity:C1|lpm_mult:Mult0                         ; lpm_mult            ; work         ;
;          |mult_9js:auto_generated| ; 30 (30)             ; 0 (0)                     ; 0           ; 0          ; 0            ; 0       ; 0         ; 0    ; 0            ; 0          ; |Calculatrice_entity|calcul_entity:C1|lpm_mult:Mult0|mult_9js:auto_generated ; mult_9js            ; work         ;
+------------------------------------+---------------------+---------------------------+-------------+------------+--------------+---------+-----------+------+--------------+------------+------------------------------------------------------------------------------+---------------------+--------------+
Note: For table entries with two numbers listed, the numbers in parentheses indicate the number of resources of the given type used by the specific entity alone. The numbers listed outside of parentheses indicate the total resources of the given type used by the specific entity and all of its sub-entities in the hierarchy.


+---------------------------------------------------------------------------------------------------+
; User-Specified and Inferred Latches                                                               ;
+----------------------------------------------------+---------------------+------------------------+
; Latch Name                                         ; Latch Enable Signal ; Free of Timing Hazards ;
+----------------------------------------------------+---------------------+------------------------+
; A[0]                                               ; int_saisit          ; yes                    ;
; A[1]                                               ; int_saisit          ; yes                    ;
; A[2]                                               ; int_saisit          ; yes                    ;
; A[3]                                               ; int_saisit          ; yes                    ;
; B[0]                                               ; int_saisit          ; yes                    ;
; B[1]                                               ; int_saisit          ; yes                    ;
; B[2]                                               ; int_saisit          ; yes                    ;
; B[3]                                               ; int_saisit          ; yes                    ;
; Number of user-specified and inferred latches = 8  ;                     ;                        ;
+----------------------------------------------------+---------------------+------------------------+
Note: All latches listed above may not be present at the end of synthesis due to various synthesis optimizations.


+------------------------------------------------------+
; General Register Statistics                          ;
+----------------------------------------------+-------+
; Statistic                                    ; Value ;
+----------------------------------------------+-------+
; Total registers                              ; 82    ;
; Number of registers using Synchronous Clear  ; 36    ;
; Number of registers using Synchronous Load   ; 4     ;
; Number of registers using Asynchronous Clear ; 0     ;
; Number of registers using Asynchronous Load  ; 0     ;
; Number of registers using Clock Enable       ; 81    ;
; Number of registers using Preset             ; 0     ;
+----------------------------------------------+-------+


+---------------------------------------------------------------------------------------------------------------------------------------------------------------+
; Multiplexer Restructuring Statistics (Restructuring Performed)                                                                                                ;
+--------------------+-----------+---------------+----------------------+------------------------+------------+-------------------------------------------------+
; Multiplexer Inputs ; Bus Width ; Baseline Area ; Area if Restructured ; Saving if Restructured ; Registered ; Example Multiplexer Output                      ;
+--------------------+-----------+---------------+----------------------+------------------------+------------+-------------------------------------------------+
; 3:1                ; 32 bits   ; 64 LEs        ; 32 LEs               ; 32 LEs                 ; Yes        ; |Calculatrice_entity|buzzer_entity:B1|cmpt[6]   ;
; 6:1                ; 4 bits    ; 16 LEs        ; 8 LEs                ; 8 LEs                  ; Yes        ; |Calculatrice_entity|calcul_entity:C1|Res_op[3] ;
+--------------------+-----------+---------------+----------------------+------------------------+------------+-------------------------------------------------+


+----------------------------------------------------------------------------------+
; Parameter Settings for Inferred Entity Instance: calcul_entity:C1|lpm_mult:Mult0 ;
+------------------------------------------------+----------+----------------------+
; Parameter Name                                 ; Value    ; Type                 ;
+------------------------------------------------+----------+----------------------+
; AUTO_CARRY_CHAINS                              ; ON       ; AUTO_CARRY           ;
; IGNORE_CARRY_BUFFERS                           ; OFF      ; IGNORE_CARRY         ;
; AUTO_CASCADE_CHAINS                            ; ON       ; AUTO_CASCADE         ;
; IGNORE_CASCADE_BUFFERS                         ; OFF      ; IGNORE_CASCADE       ;
; LPM_WIDTHA                                     ; 4        ; Untyped              ;
; LPM_WIDTHB                                     ; 4        ; Untyped              ;
; LPM_WIDTHP                                     ; 8        ; Untyped              ;
; LPM_WIDTHR                                     ; 8        ; Untyped              ;
; LPM_WIDTHS                                     ; 1        ; Untyped              ;
; LPM_REPRESENTATION                             ; UNSIGNED ; Untyped              ;
; LPM_PIPELINE                                   ; 0        ; Untyped              ;
; LATENCY                                        ; 0        ; Untyped              ;
; INPUT_A_IS_CONSTANT                            ; NO       ; Untyped              ;
; INPUT_B_IS_CONSTANT                            ; NO       ; Untyped              ;
; USE_EAB                                        ; OFF      ; Untyped              ;
; MAXIMIZE_SPEED                                 ; 5        ; Untyped              ;
; DEVICE_FAMILY                                  ; MAX 10   ; Untyped              ;
; CARRY_CHAIN                                    ; MANUAL   ; Untyped              ;
; APEX20K_TECHNOLOGY_MAPPER                      ; LUT      ; TECH_MAPPER_APEX20K  ;
; DEDICATED_MULTIPLIER_CIRCUITRY                 ; AUTO     ; Untyped              ;
; DEDICATED_MULTIPLIER_MIN_INPUT_WIDTH_FOR_AUTO  ; 0        ; Untyped              ;
; DEDICATED_MULTIPLIER_MIN_OUTPUT_WIDTH_FOR_AUTO ; 0        ; Untyped              ;
; CBXI_PARAMETER                                 ; mult_9js ; Untyped              ;
; INPUT_A_FIXED_VALUE                            ; Bx       ; Untyped              ;
; INPUT_B_FIXED_VALUE                            ; Bx       ; Untyped              ;
; USE_AHDL_IMPLEMENTATION                        ; OFF      ; Untyped              ;
+------------------------------------------------+----------+----------------------+
Note: In order to hide this table in the UI and the text report file, please set the "Show Parameter Settings in Synthesis Report" option in "Analysis and Synthesis Settings -> More Settings" to "Off".


+-------------------------------------------------------------------------+
; lpm_mult Parameter Settings by Entity Instance                          ;
+---------------------------------------+---------------------------------+
; Name                                  ; Value                           ;
+---------------------------------------+---------------------------------+
; Number of entity instances            ; 1                               ;
; Entity Instance                       ; calcul_entity:C1|lpm_mult:Mult0 ;
;     -- LPM_WIDTHA                     ; 4                               ;
;     -- LPM_WIDTHB                     ; 4                               ;
;     -- LPM_WIDTHP                     ; 8                               ;
;     -- LPM_REPRESENTATION             ; UNSIGNED                        ;
;     -- INPUT_A_IS_CONSTANT            ; NO                              ;
;     -- INPUT_B_IS_CONSTANT            ; NO                              ;
;     -- USE_EAB                        ; OFF                             ;
;     -- DEDICATED_MULTIPLIER_CIRCUITRY ; AUTO                            ;
;     -- INPUT_A_FIXED_VALUE            ; Bx                              ;
;     -- INPUT_B_FIXED_VALUE            ; Bx                              ;
+---------------------------------------+---------------------------------+


+-------------------------------------------------+
; Port Connectivity Checks: "affichage_entity:A2" ;
+--------------+-------+----------+---------------+
; Port         ; Type  ; Severity ; Details       ;
+--------------+-------+----------+---------------+
; nombre[7..4] ; Input ; Info     ; Stuck at GND  ;
+--------------+-------+----------+---------------+


+-------------------------------------------------+
; Port Connectivity Checks: "affichage_entity:A1" ;
+--------------+-------+----------+---------------+
; Port         ; Type  ; Severity ; Details       ;
+--------------+-------+----------+---------------+
; nombre[7..4] ; Input ; Info     ; Stuck at GND  ;
+--------------+-------+----------+---------------+


+---------------------------------------------------------------------------------------------------------------------------------------------------------------------------+
; Port Connectivity Checks: "calcul_entity:C1"                                                                                                                              ;
+---------+-------+----------+----------------------------------------------------------------------------------------------------------------------------------------------+
; Port    ; Type  ; Severity ; Details                                                                                                                                      ;
+---------+-------+----------+----------------------------------------------------------------------------------------------------------------------------------------------+
; reset   ; Input ; Warning  ; Declared by entity but not connected by instance. If a default value exists, it will be used.  Otherwise, the port will be connected to GND. ;
; cla_res ; Input ; Warning  ; Declared by entity but not connected by instance. If a default value exists, it will be used.  Otherwise, the port will be connected to GND. ;
+---------+-------+----------+----------------------------------------------------------------------------------------------------------------------------------------------+


+-----------------------------------------------------+
; Post-Synthesis Netlist Statistics for Top Partition ;
+-----------------------+-----------------------------+
; Type                  ; Count                       ;
+-----------------------+-----------------------------+
; boundary_port         ; 86                          ;
; cycloneiii_ff         ; 82                          ;
;     ENA               ; 45                          ;
;     ENA SCLR          ; 32                          ;
;     ENA SCLR SLD      ; 4                           ;
;     plain             ; 1                           ;
; cycloneiii_lcell_comb ; 241                         ;
;     arith             ; 78                          ;
;         2 data inputs ; 64                          ;
;         3 data inputs ; 14                          ;
;     normal            ; 163                         ;
;         0 data inputs ; 2                           ;
;         1 data inputs ; 4                           ;
;         2 data inputs ; 48                          ;
;         3 data inputs ; 38                          ;
;         4 data inputs ; 71                          ;
;                       ;                             ;
; Max LUT depth         ; 11.30                       ;
; Average LUT depth     ; 5.59                        ;
+-----------------------+-----------------------------+


+-------------------------------+
; Elapsed Time Per Partition    ;
+----------------+--------------+
; Partition Name ; Elapsed Time ;
+----------------+--------------+
; Top            ; 00:00:01     ;
+----------------+--------------+


+-------------------------------+
; Analysis & Synthesis Messages ;
+-------------------------------+
Info: *******************************************************************
Info: Running Quartus Prime Analysis & Synthesis
    Info: Version 18.1.0 Build 625 09/12/2018 SJ Lite Edition
    Info: Processing started: Tue Oct 05 16:09:18 2021
Info: Command: quartus_map --read_settings_files=on --write_settings_files=off Calculatrice -c Calculatrice
Warning (18236): Number of processors has not been specified which may cause overloading on shared machines.  Set the global assignment NUM_PARALLEL_PROCESSORS in your QSF to an appropriate value for best performance.
Info (20030): Parallel compilation is enabled and will use 8 of the 8 processors detected
Info (12021): Found 2 design units, including 1 entities, in source file affichage_entity.vhd
    Info (12022): Found design unit 1: affichage_entity-affichage_archi File: C:/Calculatrice/affichage_entity.vhd Line: 12
    Info (12023): Found entity 1: affichage_entity File: C:/Calculatrice/affichage_entity.vhd Line: 5
Info (12021): Found 2 design units, including 1 entities, in source file calculatrice_entity.vhd
    Info (12022): Found design unit 1: Calculatrice_entity-Calculatrice_archi File: C:/Calculatrice/Calculatrice_entity.vhd Line: 37
    Info (12023): Found entity 1: Calculatrice_entity File: C:/Calculatrice/Calculatrice_entity.vhd Line: 5
Info (12021): Found 2 design units, including 1 entities, in source file calcul_entity.vhd
    Info (12022): Found design unit 1: calcul_entity-calcul_archi File: C:/Calculatrice/calcul_entity.vhd Line: 28
    Info (12023): Found entity 1: calcul_entity File: C:/Calculatrice/calcul_entity.vhd Line: 6
Info (12021): Found 2 design units, including 1 entities, in source file nec_receiver.vhd
    Info (12022): Found design unit 1: nec_receiver-bvh File: C:/Calculatrice/nec_receiver.vhd Line: 28
    Info (12023): Found entity 1: nec_receiver File: C:/Calculatrice/nec_receiver.vhd Line: 5
Info (12021): Found 2 design units, including 1 entities, in source file buzzer_entity.vhd
    Info (12022): Found design unit 1: buzzer_entity-buzzer_archi File: C:/Calculatrice/buzzer_entity.vhd Line: 16
    Info (12023): Found entity 1: buzzer_entity File: C:/Calculatrice/buzzer_entity.vhd Line: 7
Info (12021): Found 2 design units, including 1 entities, in source file conversion_signal_entity.vhd
    Info (12022): Found design unit 1: conversion_signal_entity-conversion_signal_archi File: C:/Calculatrice/conversion_signal_entity.vhd Line: 16
    Info (12023): Found entity 1: conversion_signal_entity File: C:/Calculatrice/conversion_signal_entity.vhd Line: 5
Info (12127): Elaborating entity "Calculatrice_entity" for the top level hierarchy
Warning (10873): Using initial value X (don't care) for net "led[10]" at Calculatrice_entity.vhd(29) File: C:/Calculatrice/Calculatrice_entity.vhd Line: 29
Info (10041): Inferred latch for "B[0]" at Calculatrice_entity.vhd(136) File: C:/Calculatrice/Calculatrice_entity.vhd Line: 136
Info (10041): Inferred latch for "B[1]" at Calculatrice_entity.vhd(136) File: C:/Calculatrice/Calculatrice_entity.vhd Line: 136
Info (10041): Inferred latch for "B[2]" at Calculatrice_entity.vhd(136) File: C:/Calculatrice/Calculatrice_entity.vhd Line: 136
Info (10041): Inferred latch for "B[3]" at Calculatrice_entity.vhd(136) File: C:/Calculatrice/Calculatrice_entity.vhd Line: 136
Info (10041): Inferred latch for "B[4]" at Calculatrice_entity.vhd(136) File: C:/Calculatrice/Calculatrice_entity.vhd Line: 136
Info (10041): Inferred latch for "B[5]" at Calculatrice_entity.vhd(136) File: C:/Calculatrice/Calculatrice_entity.vhd Line: 136
Info (10041): Inferred latch for "B[6]" at Calculatrice_entity.vhd(136) File: C:/Calculatrice/Calculatrice_entity.vhd Line: 136
Info (10041): Inferred latch for "B[7]" at Calculatrice_entity.vhd(136) File: C:/Calculatrice/Calculatrice_entity.vhd Line: 136
Info (10041): Inferred latch for "A[0]" at Calculatrice_entity.vhd(135) File: C:/Calculatrice/Calculatrice_entity.vhd Line: 135
Info (10041): Inferred latch for "A[1]" at Calculatrice_entity.vhd(135) File: C:/Calculatrice/Calculatrice_entity.vhd Line: 135
Info (10041): Inferred latch for "A[2]" at Calculatrice_entity.vhd(135) File: C:/Calculatrice/Calculatrice_entity.vhd Line: 135
Info (10041): Inferred latch for "A[3]" at Calculatrice_entity.vhd(135) File: C:/Calculatrice/Calculatrice_entity.vhd Line: 135
Info (10041): Inferred latch for "A[4]" at Calculatrice_entity.vhd(135) File: C:/Calculatrice/Calculatrice_entity.vhd Line: 135
Info (10041): Inferred latch for "A[5]" at Calculatrice_entity.vhd(135) File: C:/Calculatrice/Calculatrice_entity.vhd Line: 135
Info (10041): Inferred latch for "A[6]" at Calculatrice_entity.vhd(135) File: C:/Calculatrice/Calculatrice_entity.vhd Line: 135
Info (10041): Inferred latch for "A[7]" at Calculatrice_entity.vhd(135) File: C:/Calculatrice/Calculatrice_entity.vhd Line: 135
Info (12128): Elaborating entity "calcul_entity" for hierarchy "calcul_entity:C1" File: C:/Calculatrice/Calculatrice_entity.vhd Line: 120
Info (12128): Elaborating entity "affichage_entity" for hierarchy "affichage_entity:A1" File: C:/Calculatrice/Calculatrice_entity.vhd Line: 146
Info (12128): Elaborating entity "buzzer_entity" for hierarchy "buzzer_entity:B1" File: C:/Calculatrice/Calculatrice_entity.vhd Line: 151
Warning (10492): VHDL Process Statement warning at buzzer_entity.vhd(53): signal "resultat" is read inside the Process Statement but isn't in the Process Statement's sensitivity list File: C:/Calculatrice/buzzer_entity.vhd Line: 53
Info (278001): Inferred 1 megafunctions from design logic
    Info (278003): Inferred multiplier megafunction ("lpm_mult") from the following logic: "calcul_entity:C1|Mult0" File: c:/intelfpga_lite/18.1/quartus/libraries/vhdl/synopsys/ieee/syn_arit.vhd Line: 687
Info (12130): Elaborated megafunction instantiation "calcul_entity:C1|lpm_mult:Mult0" File: c:/intelfpga_lite/18.1/quartus/libraries/vhdl/synopsys/ieee/syn_arit.vhd Line: 687
Info (12133): Instantiated megafunction "calcul_entity:C1|lpm_mult:Mult0" with the following parameter: File: c:/intelfpga_lite/18.1/quartus/libraries/vhdl/synopsys/ieee/syn_arit.vhd Line: 687
    Info (12134): Parameter "LPM_WIDTHA" = "4"
    Info (12134): Parameter "LPM_WIDTHB" = "4"
    Info (12134): Parameter "LPM_WIDTHP" = "8"
    Info (12134): Parameter "LPM_WIDTHR" = "8"
    Info (12134): Parameter "LPM_WIDTHS" = "1"
    Info (12134): Parameter "LPM_REPRESENTATION" = "UNSIGNED"
    Info (12134): Parameter "INPUT_A_IS_CONSTANT" = "NO"
    Info (12134): Parameter "INPUT_B_IS_CONSTANT" = "NO"
    Info (12134): Parameter "MAXIMIZE_SPEED" = "5"
Info (12021): Found 1 design units, including 1 entities, in source file db/mult_9js.tdf
    Info (12023): Found entity 1: mult_9js File: C:/Calculatrice/db/mult_9js.tdf Line: 28
Warning (14284): Synthesized away the following node(s):
    Warning (14285): Synthesized away the following LCELL buffer node(s):
        Warning (14320): Synthesized away node "calcul_entity:C1|lpm_mult:Mult0|mult_9js:auto_generated|le5a[4]" File: C:/Calculatrice/db/mult_9js.tdf Line: 42
Warning (12241): 1 hierarchies have connectivity warnings - see the Connectivity Checks report folder
Info (13014): Ignored 48 buffer(s)
    Info (13016): Ignored 4 CARRY_SUM buffer(s)
    Info (13019): Ignored 44 SOFT buffer(s)
Warning (13024): Output pins are stuck at VCC or GND
    Warning (13410): Pin "affich_A[0]" is stuck at VCC File: C:/Calculatrice/Calculatrice_entity.vhd Line: 11
    Warning (13410): Pin "affich_A[8]" is stuck at VCC File: C:/Calculatrice/Calculatrice_entity.vhd Line: 11
    Warning (13410): Pin "affich_A[9]" is stuck at VCC File: C:/Calculatrice/Calculatrice_entity.vhd Line: 11
    Warning (13410): Pin "affich_A[10]" is stuck at VCC File: C:/Calculatrice/Calculatrice_entity.vhd Line: 11
    Warning (13410): Pin "affich_A[11]" is stuck at VCC File: C:/Calculatrice/Calculatrice_entity.vhd Line: 11
    Warning (13410): Pin "affich_A[12]" is stuck at VCC File: C:/Calculatrice/Calculatrice_entity.vhd Line: 11
    Warning (13410): Pin "affich_A[15]" is stuck at VCC File: C:/Calculatrice/Calculatrice_entity.vhd Line: 11
    Warning (13410): Pin "affich_B[0]" is stuck at VCC File: C:/Calculatrice/Calculatrice_entity.vhd Line: 12
    Warning (13410): Pin "affich_B[8]" is stuck at VCC File: C:/Calculatrice/Calculatrice_entity.vhd Line: 12
    Warning (13410): Pin "affich_B[9]" is stuck at VCC File: C:/Calculatrice/Calculatrice_entity.vhd Line: 12
    Warning (13410): Pin "affich_B[10]" is stuck at VCC File: C:/Calculatrice/Calculatrice_entity.vhd Line: 12
    Warning (13410): Pin "affich_B[11]" is stuck at VCC File: C:/Calculatrice/Calculatrice_entity.vhd Line: 12
    Warning (13410): Pin "affich_B[12]" is stuck at VCC File: C:/Calculatrice/Calculatrice_entity.vhd Line: 12
    Warning (13410): Pin "affich_B[15]" is stuck at VCC File: C:/Calculatrice/Calculatrice_entity.vhd Line: 12
    Warning (13410): Pin "affich_Res[0]" is stuck at VCC File: C:/Calculatrice/Calculatrice_entity.vhd Line: 13
    Warning (13410): Pin "affich_Res[8]" is stuck at VCC File: C:/Calculatrice/Calculatrice_entity.vhd Line: 13
    Warning (13410): Pin "led[10]" is stuck at GND File: C:/Calculatrice/Calculatrice_entity.vhd Line: 29
Info (286030): Timing-Driven Synthesis is running
Info (16010): Generating hard_block partition "hard_block:auto_generated_inst"
    Info (16011): Adding 0 node(s), including 0 DDIO, 0 PLL, 0 transceiver and 0 LCELL
Warning (21074): Design contains 7 input pin(s) that do not drive logic
    Warning (15610): No output dependent on input pin "Res_ext[0]" File: C:/Calculatrice/Calculatrice_entity.vhd Line: 9
    Warning (15610): No output dependent on input pin "Res_ext[1]" File: C:/Calculatrice/Calculatrice_entity.vhd Line: 9
    Warning (15610): No output dependent on input pin "Res_ext[2]" File: C:/Calculatrice/Calculatrice_entity.vhd Line: 9
    Warning (15610): No output dependent on input pin "Res_ext[3]" File: C:/Calculatrice/Calculatrice_entity.vhd Line: 9
    Warning (15610): No output dependent on input pin "Res_ext[4]" File: C:/Calculatrice/Calculatrice_entity.vhd Line: 9
    Warning (15610): No output dependent on input pin "data_input" File: C:/Calculatrice/Calculatrice_entity.vhd Line: 24
    Warning (15610): No output dependent on input pin "b_reset" File: C:/Calculatrice/Calculatrice_entity.vhd Line: 26
Info (21057): Implemented 332 device resources after synthesis - the final resource count might be different
    Info (21058): Implemented 18 input pins
    Info (21059): Implemented 68 output pins
    Info (21061): Implemented 246 logic cells
Info: Quartus Prime Analysis & Synthesis was successful. 0 errors, 33 warnings
    Info: Peak virtual memory: 4825 megabytes
    Info: Processing ended: Tue Oct 05 16:09:34 2021
    Info: Elapsed time: 00:00:16
    Info: Total CPU time (on all processors): 00:00:32


